<?xml version="1.0" encoding="UTF-8"?>
<!-- Generated by org.testng.reporters.JUnitReportReporter -->
<testsuite hostname="DESKTOP-KUJOV7R" failures="0" tests="1" name="tests.Login" time="0.568" errors="0" timestamp="2022-10-03T15:51:24 WIB" skipped="0">
  <testcase classname="tests.Login" name="login" time="0.568"/>
  <system-out/>
</testsuite> <!-- tests.Login -->
